<?xml version="1.0" encoding="UTF-8"?>
<!-- Generated by org.testng.reporters.JUnitXMLReporter -->
<testsuite ignored="0" hostname="DESKTOP-KKAIG1T" failures="0" tests="3" name="Test" time="27.924" errors="0" timestamp="2022-10-15T01:10:26 IST">
  <testcase classname="testcases.HomeTest" name="Test1" time="0.01"/>
  <testcase classname="testcases.SimplilearnLoginTest" name="Test1" time="10.669"/>
  <testcase classname="testcases.SimplilearnLoginTest" name="Test2" time="6.478"/>
</testsuite> <!-- Test -->
