<?xml version="1.0" encoding="UTF-8"?>
<!-- Generated by org.testng.reporters.JUnitXMLReporter -->
<testsuite hostname="DESKTOP-KKAIG1T" ignored="0" name="Test" tests="3" failures="0" timestamp="2022-10-09T01:36:13 IST" time="35.225" errors="0">
  <testcase name="Test1" time="0.002" classname="testcases.HomeTest"/>
  <testcase name="Test1" time="10.242" classname="testcases.SimplilearnLoginTest"/>
  <testcase name="Test2" time="11.817" classname="testcases.SimplilearnLoginTest"/>
</testsuite> <!-- Test -->
