<?xml version="1.0" encoding="UTF-8"?>
<testng-results skipped="0" failed="0" ignored="0" total="3" passed="3">
  <reporter-output>
  </reporter-output>
  <suite name="Suite" duration-ms="35225" started-at="2022-10-09T01:35:38 IST" finished-at="2022-10-09T01:36:13 IST">
    <groups>
    </groups>
    <test name="Test" duration-ms="35225" started-at="2022-10-09T01:35:38 IST" finished-at="2022-10-09T01:36:13 IST">
      <class name="testcases.HomeTest">
        <test-method status="PASS" signature="SetUp()[pri:0, instance:testcases.HomeTest@199d22e]" name="SetUp" is-config="true" duration-ms="4962" started-at="2022-10-09T01:35:38 IST" finished-at="2022-10-09T01:35:43 IST">
          <reporter-output>
          </reporter-output>
        </test-method> <!-- SetUp -->
        <test-method status="PASS" signature="Test1()[pri:0, instance:testcases.HomeTest@199d22e]" name="Test1" duration-ms="2" started-at="2022-10-09T01:35:43 IST" finished-at="2022-10-09T01:35:43 IST">
          <reporter-output>
          </reporter-output>
        </test-method> <!-- Test1 -->
        <test-method status="PASS" signature="TearDown()[pri:0, instance:testcases.HomeTest@199d22e]" name="TearDown" is-config="true" duration-ms="342" started-at="2022-10-09T01:35:43 IST" finished-at="2022-10-09T01:35:43 IST">
          <reporter-output>
          </reporter-output>
        </test-method> <!-- TearDown -->
      </class> <!-- testcases.HomeTest -->
      <class name="testcases.SimplilearnLoginTest">
        <test-method status="PASS" signature="SetUp()[pri:0, instance:testcases.SimplilearnLoginTest@17030a6]" name="SetUp" is-config="true" duration-ms="3757" started-at="2022-10-09T01:35:43 IST" finished-at="2022-10-09T01:35:47 IST">
          <reporter-output>
          </reporter-output>
        </test-method> <!-- SetUp -->
        <test-method status="PASS" signature="Test1()[pri:0, instance:testcases.SimplilearnLoginTest@17030a6]" name="Test1" duration-ms="10242" started-at="2022-10-09T01:35:47 IST" finished-at="2022-10-09T01:35:57 IST">
          <reporter-output>
          </reporter-output>
        </test-method> <!-- Test1 -->
        <test-method status="PASS" signature="TearDown()[pri:0, instance:testcases.SimplilearnLoginTest@17030a6]" name="TearDown" is-config="true" duration-ms="202" started-at="2022-10-09T01:35:57 IST" finished-at="2022-10-09T01:35:57 IST">
          <reporter-output>
          </reporter-output>
        </test-method> <!-- TearDown -->
        <test-method status="PASS" signature="SetUp()[pri:0, instance:testcases.SimplilearnLoginTest@17030a6]" name="SetUp" is-config="true" duration-ms="3540" started-at="2022-10-09T01:35:57 IST" finished-at="2022-10-09T01:36:01 IST">
          <reporter-output>
          </reporter-output>
        </test-method> <!-- SetUp -->
        <test-method status="PASS" signature="Test2()[pri:0, instance:testcases.SimplilearnLoginTest@17030a6]" name="Test2" duration-ms="11817" started-at="2022-10-09T01:36:01 IST" finished-at="2022-10-09T01:36:13 IST">
          <reporter-output>
          </reporter-output>
        </test-method> <!-- Test2 -->
        <test-method status="PASS" signature="TearDown()[pri:0, instance:testcases.SimplilearnLoginTest@17030a6]" name="TearDown" is-config="true" duration-ms="300" started-at="2022-10-09T01:36:13 IST" finished-at="2022-10-09T01:36:13 IST">
          <reporter-output>
          </reporter-output>
        </test-method> <!-- TearDown -->
      </class> <!-- testcases.SimplilearnLoginTest -->
    </test> <!-- Test -->
  </suite> <!-- Suite -->
</testng-results>
