<?xml version="1.0" encoding="UTF-8"?>
<testng-results ignored="0" total="3" passed="3" failed="0" skipped="0">
  <reporter-output>
  </reporter-output>
  <suite started-at="2022-10-15T01:09:58 IST" name="Suite" finished-at="2022-10-15T01:10:26 IST" duration-ms="27924">
    <groups>
    </groups>
    <test started-at="2022-10-15T01:09:58 IST" name="Test" finished-at="2022-10-15T01:10:26 IST" duration-ms="27924">
      <class name="testcases.HomeTest">
        <test-method is-config="true" signature="SetUp()[pri:0, instance:testcases.HomeTest@33990a0c]" started-at="2022-10-15T01:09:58 IST" name="SetUp" finished-at="2022-10-15T01:10:02 IST" duration-ms="4801" status="PASS">
          <reporter-output>
          </reporter-output>
        </test-method> <!-- SetUp -->
        <test-method signature="Test1()[pri:0, instance:testcases.HomeTest@33990a0c]" started-at="2022-10-15T01:10:02 IST" name="Test1" finished-at="2022-10-15T01:10:02 IST" duration-ms="10" status="PASS">
          <reporter-output>
          </reporter-output>
        </test-method> <!-- Test1 -->
        <test-method is-config="true" signature="TearDown()[pri:0, instance:testcases.HomeTest@33990a0c]" started-at="2022-10-15T01:10:02 IST" name="TearDown" finished-at="2022-10-15T01:10:03 IST" duration-ms="305" status="PASS">
          <reporter-output>
          </reporter-output>
        </test-method> <!-- TearDown -->
      </class> <!-- testcases.HomeTest -->
      <class name="testcases.SimplilearnLoginTest">
        <test-method is-config="true" signature="SetUp()[pri:0, instance:testcases.SimplilearnLoginTest@73e22a3d]" started-at="2022-10-15T01:10:03 IST" name="SetUp" finished-at="2022-10-15T01:10:06 IST" duration-ms="2879" status="PASS">
          <reporter-output>
          </reporter-output>
        </test-method> <!-- SetUp -->
        <test-method signature="Test1()[pri:0, instance:testcases.SimplilearnLoginTest@73e22a3d]" started-at="2022-10-15T01:10:06 IST" name="Test1" finished-at="2022-10-15T01:10:16 IST" duration-ms="10669" status="PASS">
          <reporter-output>
          </reporter-output>
        </test-method> <!-- Test1 -->
        <test-method is-config="true" signature="TearDown()[pri:0, instance:testcases.SimplilearnLoginTest@73e22a3d]" started-at="2022-10-15T01:10:16 IST" name="TearDown" finished-at="2022-10-15T01:10:16 IST" duration-ms="155" status="PASS">
          <reporter-output>
          </reporter-output>
        </test-method> <!-- TearDown -->
        <test-method is-config="true" signature="SetUp()[pri:0, instance:testcases.SimplilearnLoginTest@73e22a3d]" started-at="2022-10-15T01:10:17 IST" name="SetUp" finished-at="2022-10-15T01:10:19 IST" duration-ms="2382" status="PASS">
          <reporter-output>
          </reporter-output>
        </test-method> <!-- SetUp -->
        <test-method signature="Test2(java.lang.String,java.lang.String)[pri:0, instance:testcases.SimplilearnLoginTest@73e22a3d]" started-at="2022-10-15T01:10:19 IST" name="Test2" finished-at="2022-10-15T01:10:25 IST" duration-ms="6478" status="PASS">
          <params>
            <param index="0">
              <value>
                <![CDATA[abc@xyz.com]]>
              </value>
            </param>
            <param index="1">
              <value>
                <![CDATA[Abc@1234]]>
              </value>
            </param>
          </params>
          <reporter-output>
          </reporter-output>
        </test-method> <!-- Test2 -->
        <test-method is-config="true" signature="TearDown()[pri:0, instance:testcases.SimplilearnLoginTest@73e22a3d]" started-at="2022-10-15T01:10:25 IST" name="TearDown" finished-at="2022-10-15T01:10:26 IST" duration-ms="177" status="PASS">
          <reporter-output>
          </reporter-output>
        </test-method> <!-- TearDown -->
      </class> <!-- testcases.SimplilearnLoginTest -->
    </test> <!-- Test -->
  </suite> <!-- Suite -->
</testng-results>
